Arguments: 
  /Users/tin/.nvm/versions/node/v8.15.0/bin/node /usr/local/Cellar/yarn/1.15.2/libexec/bin/yarn.js add --dev rollup rollup-plugin-commonjs rollup-plugin-json rollup-plugin-alia rollup-plugin-babel-minify

PATH: 
  /usr/local/opt/openssl/bin:/Users/tin/.nvm/versions/node/v8.15.0/bin:/Users/myuser/Library/Android/sdk/tools:/Users/tin/Library/Android/sdk/emulator:/Users/tin/Library/Android/sdk/platform-tools:/Users/tin/projects/ffmpeg-helpers:/Users/tin/bin:/usr/local/bin:/usr/local/bin:/usr/bin:/bin:/usr/sbin:/sbin

Yarn version: 
  1.15.2

Node version: 
  8.15.0

Platform: 
  darwin x64

Trace: 
  Error: https://registry.yarnpkg.com/rollup-plugin-alia: Not found
      at Request.params.callback [as _callback] (/usr/local/Cellar/yarn/1.15.2/libexec/lib/cli.js:66058:18)
      at Request.self.callback (/usr/local/Cellar/yarn/1.15.2/libexec/lib/cli.js:129541:22)
      at emitTwo (events.js:126:13)
      at Request.emit (events.js:214:7)
      at Request.<anonymous> (/usr/local/Cellar/yarn/1.15.2/libexec/lib/cli.js:130513:10)
      at emitOne (events.js:116:13)
      at Request.emit (events.js:211:7)
      at IncomingMessage.<anonymous> (/usr/local/Cellar/yarn/1.15.2/libexec/lib/cli.js:130435:12)
      at Object.onceWrapper (events.js:313:30)
      at emitNone (events.js:111:20)

npm manifest: 
  {
    "name": "pleasure-api",
    "version": "1.0.0-beta",
    "description": "RESTful API for pleasure",
    "main": "index.js",
    "author": "Martin Rafael Gonzalez <tin@devtin.io>",
    "license": "MIT"
  }

yarn manifest: 
  No manifest

Lockfile: 
  # THIS IS AN AUTOGENERATED FILE. DO NOT EDIT THIS FILE DIRECTLY.
  # yarn lockfile v1
